{"C:\\modulos\\2DAW\\DWEC\\practica-1-2-juanalonso\\tablero\\classes.ts": {"path":"C:\\modulos\\2DAW\\DWEC\\practica-1-2-juanalonso\\tablero\\classes.ts","statementMap":{"0":{"start":{"line":15,"column":4},"end":{"line":17,"column":5}},"1":{"start":{"line":16,"column":6},"end":{"line":16,"column":71}},"2":{"start":{"line":18,"column":4},"end":{"line":20,"column":5}},"3":{"start":{"line":19,"column":6},"end":{"line":19,"column":75}},"4":{"start":{"line":21,"column":4},"end":{"line":23,"column":5}},"5":{"start":{"line":22,"column":6},"end":{"line":22,"column":65}},"6":{"start":{"line":25,"column":4},"end":{"line":25,"column":17}},"7":{"start":{"line":26,"column":4},"end":{"line":26,"column":21}},"8":{"start":{"line":27,"column":4},"end":{"line":27,"column":23}},"9":{"start":{"line":28,"column":4},"end":{"line":28,"column":23}},"10":{"start":{"line":32,"column":23},"end":{"line":32,"column":48}},"11":{"start":{"line":33,"column":4},"end":{"line":33,"column":34}},"12":{"start":{"line":37,"column":4},"end":{"line":39,"column":5}},"13":{"start":{"line":38,"column":6},"end":{"line":38,"column":65}},"14":{"start":{"line":40,"column":4},"end":{"line":40,"column":23}},"15":{"start":{"line":41,"column":4},"end":{"line":41,"column":23}},"16":{"start":{"line":45,"column":4},"end":{"line":45,"column":82}},"17":{"start":{"line":8,"column":0},"end":{"line":8,"column":13}},"18":{"start":{"line":56,"column":10},"end":{"line":56,"column":36}},"19":{"start":{"line":57,"column":10},"end":{"line":57,"column":62}},"20":{"start":{"line":60,"column":4},"end":{"line":60,"column":27}},"21":{"start":{"line":64,"column":4},"end":{"line":71,"column":5}},"22":{"start":{"line":64,"column":17},"end":{"line":64,"column":18}},"23":{"start":{"line":65,"column":21},"end":{"line":65,"column":50}},"24":{"start":{"line":66,"column":6},"end":{"line":70,"column":9}},"25":{"start":{"line":75,"column":4},"end":{"line":77,"column":5}},"26":{"start":{"line":76,"column":6},"end":{"line":76,"column":65}},"27":{"start":{"line":78,"column":4},"end":{"line":78,"column":55}},"28":{"start":{"line":82,"column":4},"end":{"line":82,"column":48}},"29":{"start":{"line":86,"column":4},"end":{"line":86,"column":50}},"30":{"start":{"line":90,"column":24},"end":{"line":90,"column":60}},"31":{"start":{"line":91,"column":4},"end":{"line":93,"column":5}},"32":{"start":{"line":92,"column":6},"end":{"line":92,"column":53}},"33":{"start":{"line":95,"column":24},"end":{"line":95,"column":75}},"34":{"start":{"line":95,"column":50},"end":{"line":95,"column":74}},"35":{"start":{"line":96,"column":4},"end":{"line":98,"column":5}},"36":{"start":{"line":97,"column":6},"end":{"line":97,"column":53}},"37":{"start":{"line":100,"column":4},"end":{"line":102,"column":5}},"38":{"start":{"line":101,"column":6},"end":{"line":101,"column":67}},"39":{"start":{"line":104,"column":4},"end":{"line":104,"column":46}},"40":{"start":{"line":105,"column":4},"end":{"line":105,"column":58}},"41":{"start":{"line":109,"column":24},"end":{"line":109,"column":75}},"42":{"start":{"line":109,"column":50},"end":{"line":109,"column":74}},"43":{"start":{"line":110,"column":4},"end":{"line":112,"column":5}},"44":{"start":{"line":111,"column":6},"end":{"line":111,"column":53}},"45":{"start":{"line":114,"column":4},"end":{"line":116,"column":5}},"46":{"start":{"line":115,"column":6},"end":{"line":115,"column":67}},"47":{"start":{"line":118,"column":4},"end":{"line":118,"column":47}},"48":{"start":{"line":119,"column":4},"end":{"line":119,"column":49}},"49":{"start":{"line":123,"column":4},"end":{"line":123,"column":27}},"50":{"start":{"line":127,"column":4},"end":{"line":127,"column":55}},"51":{"start":{"line":127,"column":34},"end":{"line":127,"column":46}},"52":{"start":{"line":131,"column":4},"end":{"line":131,"column":56}},"53":{"start":{"line":131,"column":34},"end":{"line":131,"column":47}},"54":{"start":{"line":135,"column":4},"end":{"line":137,"column":26}},"55":{"start":{"line":136,"column":19},"end":{"line":136,"column":52}},"56":{"start":{"line":137,"column":16},"end":{"line":137,"column":24}},"57":{"start":{"line":141,"column":24},"end":{"line":141,"column":77}},"58":{"start":{"line":141,"column":50},"end":{"line":141,"column":76}},"59":{"start":{"line":142,"column":4},"end":{"line":144,"column":5}},"60":{"start":{"line":143,"column":6},"end":{"line":143,"column":61}},"61":{"start":{"line":146,"column":31},"end":{"line":146,"column":54}},"62":{"start":{"line":147,"column":4},"end":{"line":149,"column":5}},"63":{"start":{"line":148,"column":6},"end":{"line":148,"column":77}},"64":{"start":{"line":150,"column":4},"end":{"line":150,"column":16}},"65":{"start":{"line":55,"column":0},"end":{"line":55,"column":13}}},"fnMap":{"0":{"name":"(anonymous_0)","decl":{"start":{"line":14,"column":2},"end":{"line":14,"column":14}},"loc":{"start":{"line":14,"column":69},"end":{"line":29,"column":3}}},"1":{"name":"(anonymous_1)","decl":{"start":{"line":31,"column":10},"end":{"line":31,"column":22}},"loc":{"start":{"line":31,"column":36},"end":{"line":34,"column":3}}},"2":{"name":"(anonymous_2)","decl":{"start":{"line":36,"column":2},"end":{"line":36,"column":19}},"loc":{"start":{"line":36,"column":49},"end":{"line":42,"column":3}}},"3":{"name":"(anonymous_3)","decl":{"start":{"line":44,"column":2},"end":{"line":44,"column":20}},"loc":{"start":{"line":44,"column":20},"end":{"line":46,"column":3}}},"4":{"name":"(anonymous_4)","decl":{"start":{"line":59,"column":2},"end":{"line":59,"column":null}},"loc":{"start":{"line":59,"column":2},"end":{"line":61,"column":3}}},"5":{"name":"(anonymous_5)","decl":{"start":{"line":63,"column":10},"end":{"line":63,"column":25}},"loc":{"start":{"line":63,"column":25},"end":{"line":72,"column":3}}},"6":{"name":"(anonymous_6)","decl":{"start":{"line":74,"column":2},"end":{"line":74,"column":21}},"loc":{"start":{"line":74,"column":47},"end":{"line":79,"column":3}}},"7":{"name":"(anonymous_7)","decl":{"start":{"line":81,"column":2},"end":{"line":81,"column":16}},"loc":{"start":{"line":81,"column":38},"end":{"line":83,"column":3}}},"8":{"name":"(anonymous_8)","decl":{"start":{"line":85,"column":2},"end":{"line":85,"column":20}},"loc":{"start":{"line":85,"column":20},"end":{"line":87,"column":3}}},"9":{"name":"(anonymous_9)","decl":{"start":{"line":89,"column":2},"end":{"line":89,"column":15}},"loc":{"start":{"line":89,"column":58},"end":{"line":106,"column":3}}},"10":{"name":"(anonymous_10)","decl":{"start":{"line":95,"column":45},"end":{"line":95,"column":46}},"loc":{"start":{"line":95,"column":50},"end":{"line":95,"column":74}}},"11":{"name":"(anonymous_11)","decl":{"start":{"line":108,"column":2},"end":{"line":108,"column":12}},"loc":{"start":{"line":108,"column":32},"end":{"line":120,"column":3}}},"12":{"name":"(anonymous_12)","decl":{"start":{"line":109,"column":45},"end":{"line":109,"column":46}},"loc":{"start":{"line":109,"column":50},"end":{"line":109,"column":74}}},"13":{"name":"(anonymous_13)","decl":{"start":{"line":122,"column":2},"end":{"line":122,"column":16}},"loc":{"start":{"line":122,"column":16},"end":{"line":124,"column":3}}},"14":{"name":"(anonymous_14)","decl":{"start":{"line":126,"column":2},"end":{"line":126,"column":25}},"loc":{"start":{"line":126,"column":25},"end":{"line":128,"column":3}}},"15":{"name":"(anonymous_15)","decl":{"start":{"line":127,"column":29},"end":{"line":127,"column":30}},"loc":{"start":{"line":127,"column":34},"end":{"line":127,"column":46}}},"16":{"name":"(anonymous_16)","decl":{"start":{"line":130,"column":2},"end":{"line":130,"column":21}},"loc":{"start":{"line":130,"column":21},"end":{"line":132,"column":3}}},"17":{"name":"(anonymous_17)","decl":{"start":{"line":131,"column":29},"end":{"line":131,"column":30}},"loc":{"start":{"line":131,"column":34},"end":{"line":131,"column":47}}},"18":{"name":"(anonymous_18)","decl":{"start":{"line":134,"column":2},"end":{"line":134,"column":23}},"loc":{"start":{"line":134,"column":45},"end":{"line":138,"column":3}}},"19":{"name":"(anonymous_19)","decl":{"start":{"line":136,"column":14},"end":{"line":136,"column":15}},"loc":{"start":{"line":136,"column":19},"end":{"line":136,"column":52}}},"20":{"name":"(anonymous_20)","decl":{"start":{"line":137,"column":11},"end":{"line":137,"column":12}},"loc":{"start":{"line":137,"column":16},"end":{"line":137,"column":24}}},"21":{"name":"(anonymous_21)","decl":{"start":{"line":140,"column":2},"end":{"line":140,"column":11}},"loc":{"start":{"line":140,"column":33},"end":{"line":151,"column":3}}},"22":{"name":"(anonymous_22)","decl":{"start":{"line":141,"column":45},"end":{"line":141,"column":46}},"loc":{"start":{"line":141,"column":50},"end":{"line":141,"column":76}}}},"branchMap":{"0":{"loc":{"start":{"line":15,"column":4},"end":{"line":17,"column":5}},"type":"if","locations":[{"start":{"line":15,"column":4},"end":{"line":17,"column":5}},{"start":{},"end":{}}]},"1":{"loc":{"start":{"line":15,"column":8},"end":{"line":15,"column":20}},"type":"binary-expr","locations":[{"start":{"line":15,"column":8},"end":{"line":15,"column":11}},{"start":{"line":15,"column":15},"end":{"line":15,"column":20}}]},"2":{"loc":{"start":{"line":18,"column":4},"end":{"line":20,"column":5}},"type":"if","locations":[{"start":{"line":18,"column":4},"end":{"line":20,"column":5}},{"start":{},"end":{}}]},"3":{"loc":{"start":{"line":21,"column":4},"end":{"line":23,"column":5}},"type":"if","locations":[{"start":{"line":21,"column":4},"end":{"line":23,"column":5}},{"start":{},"end":{}}]},"4":{"loc":{"start":{"line":37,"column":4},"end":{"line":39,"column":5}},"type":"if","locations":[{"start":{"line":37,"column":4},"end":{"line":39,"column":5}},{"start":{},"end":{}}]},"5":{"loc":{"start":{"line":75,"column":4},"end":{"line":77,"column":5}},"type":"if","locations":[{"start":{"line":75,"column":4},"end":{"line":77,"column":5}},{"start":{},"end":{}}]},"6":{"loc":{"start":{"line":91,"column":4},"end":{"line":93,"column":5}},"type":"if","locations":[{"start":{"line":91,"column":4},"end":{"line":93,"column":5}},{"start":{},"end":{}}]},"7":{"loc":{"start":{"line":96,"column":4},"end":{"line":98,"column":5}},"type":"if","locations":[{"start":{"line":96,"column":4},"end":{"line":98,"column":5}},{"start":{},"end":{}}]},"8":{"loc":{"start":{"line":100,"column":4},"end":{"line":102,"column":5}},"type":"if","locations":[{"start":{"line":100,"column":4},"end":{"line":102,"column":5}},{"start":{},"end":{}}]},"9":{"loc":{"start":{"line":110,"column":4},"end":{"line":112,"column":5}},"type":"if","locations":[{"start":{"line":110,"column":4},"end":{"line":112,"column":5}},{"start":{},"end":{}}]},"10":{"loc":{"start":{"line":114,"column":4},"end":{"line":116,"column":5}},"type":"if","locations":[{"start":{"line":114,"column":4},"end":{"line":116,"column":5}},{"start":{},"end":{}}]},"11":{"loc":{"start":{"line":142,"column":4},"end":{"line":144,"column":5}},"type":"if","locations":[{"start":{"line":142,"column":4},"end":{"line":144,"column":5}},{"start":{},"end":{}}]},"12":{"loc":{"start":{"line":147,"column":4},"end":{"line":149,"column":5}},"type":"if","locations":[{"start":{"line":147,"column":4},"end":{"line":149,"column":5}},{"start":{},"end":{}}]},"13":{"loc":{"start":{"line":147,"column":8},"end":{"line":147,"column":73}},"type":"binary-expr","locations":[{"start":{"line":147,"column":8},"end":{"line":147,"column":37}},{"start":{"line":147,"column":41},"end":{"line":147,"column":73}}]},"14":{"loc":{"start":{"line":148,"column":13},"end":{"line":148,"column":76}},"type":"binary-expr","locations":[{"start":{"line":148,"column":13},"end":{"line":148,"column":68}},{"start":{"line":148,"column":72},"end":{"line":148,"column":76}}]}},"s":{"0":29,"1":2,"2":27,"3":1,"4":26,"5":6,"6":20,"7":20,"8":20,"9":20,"10":28,"11":28,"12":2,"13":1,"14":1,"15":1,"16":4,"17":2,"18":13,"19":13,"20":13,"21":13,"22":13,"23":1300,"24":1300,"25":16,"26":1,"27":15,"28":1,"29":0,"30":7,"31":7,"32":1,"33":6,"34":130,"35":6,"36":1,"37":5,"38":1,"39":4,"40":4,"41":3,"42":112,"43":3,"44":1,"45":2,"46":1,"47":1,"48":1,"49":1,"50":3,"51":300,"52":3,"53":300,"54":1,"55":100,"56":1,"57":3,"58":112,"59":3,"60":1,"61":2,"62":2,"63":1,"64":1,"65":2},"f":{"0":29,"1":28,"2":2,"3":4,"4":13,"5":13,"6":16,"7":1,"8":0,"9":7,"10":130,"11":3,"12":112,"13":1,"14":3,"15":300,"16":3,"17":300,"18":1,"19":100,"20":1,"21":3,"22":112},"b":{"0":[2,27],"1":[29,28],"2":[1,26],"3":[6,20],"4":[1,1],"5":[1,15],"6":[1,6],"7":[1,5],"8":[1,4],"9":[1,2],"10":[1,1],"11":[1,2],"12":[1,1],"13":[2,1],"14":[1,0]}}
}
